2016-11-30 01:29:15,544 INFO [localhost-startStop-1] o.s.w.c.ContextLoader [ContextLoader.java:285] Root WebApplicationContext: initialization started
2016-11-30 01:29:15,602 INFO [localhost-startStop-1] o.s.w.c.s.XmlWebApplicationContext [AbstractApplicationContext.java:510] Refreshing Root WebApplicationContext: startup date [Wed Nov 30 01:29:15 CET 2016]; root of context hierarchy
2016-11-30 01:29:15,629 INFO [localhost-startStop-1] o.s.b.f.x.XmlBeanDefinitionReader [XmlBeanDefinitionReader.java:317] Loading XML bean definitions from class path resource [spring/business-config.xml]
2016-11-30 01:29:15,794 INFO [localhost-startStop-1] o.s.w.c.ContextLoader [ContextLoader.java:325] Root WebApplicationContext: initialization completed in 248 ms
2016-11-30 01:29:15,797 DEBUG [localhost-startStop-1] m.u.f.w.w.CORSFilter [GenericFilterBean.java:177] Initializing filter 'cors'
2016-11-30 01:29:15,798 DEBUG [localhost-startStop-1] m.u.f.w.w.CORSFilter [GenericFilterBean.java:202] Filter 'cors' configured successfully
2016-11-30 01:29:15,815 INFO [localhost-startStop-1] o.s.w.s.DispatcherServlet [FrameworkServlet.java:485] FrameworkServlet 'dispatcherServlet': initialization started
2016-11-30 01:29:15,817 INFO [localhost-startStop-1] o.s.w.c.s.XmlWebApplicationContext [AbstractApplicationContext.java:510] Refreshing WebApplicationContext for namespace 'dispatcherServlet-servlet': startup date [Wed Nov 30 01:29:15 CET 2016]; parent: Root WebApplicationContext
2016-11-30 01:29:15,818 INFO [localhost-startStop-1] o.s.b.f.x.XmlBeanDefinitionReader [XmlBeanDefinitionReader.java:317] Loading XML bean definitions from class path resource [spring/mvc-core-config.xml]
2016-11-30 01:29:15,846 INFO [localhost-startStop-1] o.s.b.f.x.XmlBeanDefinitionReader [XmlBeanDefinitionReader.java:317] Loading XML bean definitions from class path resource [spring/mvc-view-config.xml]
2016-11-30 01:29:16,055 INFO [localhost-startStop-1] o.s.w.s.m.m.a.RequestMappingHandlerMapping [AbstractHandlerMethodMapping.java:217] Mapped "{[/api/groups],methods=[POST],produces=[application/json]}" onto public void mk.ukim.finki.wp.web.GroupController.save(mk.ukim.finki.wp.model.Group)
2016-11-30 01:29:16,055 INFO [localhost-startStop-1] o.s.w.s.m.m.a.RequestMappingHandlerMapping [AbstractHandlerMethodMapping.java:217] Mapped "{[/api/groups/{id}],methods=[DELETE],produces=[application/json]}" onto public void mk.ukim.finki.wp.web.GroupController.delete(java.lang.Integer)
2016-11-30 01:29:16,056 INFO [localhost-startStop-1] o.s.w.s.m.m.a.RequestMappingHandlerMapping [AbstractHandlerMethodMapping.java:217] Mapped "{[/api/groups/{id}],methods=[PUT],produces=[application/json]}" onto public void mk.ukim.finki.wp.web.GroupController.update(java.lang.Integer,mk.ukim.finki.wp.model.Group)
2016-11-30 01:29:16,056 INFO [localhost-startStop-1] o.s.w.s.m.m.a.RequestMappingHandlerMapping [AbstractHandlerMethodMapping.java:217] Mapped "{[/api/groups],methods=[GET],produces=[application/json]}" onto public java.util.List<mk.ukim.finki.wp.model.Group> mk.ukim.finki.wp.web.GroupController.findAll()
2016-11-30 01:29:16,056 INFO [localhost-startStop-1] o.s.w.s.m.m.a.RequestMappingHandlerMapping [AbstractHandlerMethodMapping.java:217] Mapped "{[/api/groups/{id}],methods=[GET],produces=[application/json]}" onto public mk.ukim.finki.wp.model.Group mk.ukim.finki.wp.web.GroupController.findById(java.lang.Integer)
2016-11-30 01:29:16,056 INFO [localhost-startStop-1] o.s.w.s.m.m.a.RequestMappingHandlerMapping [AbstractHandlerMethodMapping.java:217] Mapped "{[/],methods=[GET]}" onto public org.springframework.web.servlet.ModelAndView mk.ukim.finki.wp.web.PizzaOrderController.index()
2016-11-30 01:29:16,057 INFO [localhost-startStop-1] o.s.w.s.m.m.a.RequestMappingHandlerMapping [AbstractHandlerMethodMapping.java:217] Mapped "{[/order]}" onto public org.springframework.web.servlet.ModelAndView mk.ukim.finki.wp.web.PizzaOrderController.placeOrder(java.lang.String,java.lang.String,javax.servlet.http.HttpSession,javax.servlet.http.HttpServletResponse)
2016-11-30 01:29:16,057 INFO [localhost-startStop-1] o.s.w.s.m.m.a.RequestMappingHandlerMapping [AbstractHandlerMethodMapping.java:217] Mapped "{[/by_user/{id}]}" onto public org.springframework.web.servlet.ModelAndView mk.ukim.finki.wp.web.PizzaOrderController.showClientInfo(int,java.lang.String,javax.servlet.http.HttpSession,javax.servlet.http.HttpServletRequest,javax.servlet.http.HttpServletResponse) throws javax.servlet.ServletException,java.io.IOException
2016-11-30 01:29:16,085 INFO [localhost-startStop-1] o.h.v.i.u.Version [Version.java:27] HV000001: Hibernate Validator 5.1.3.Final
2016-11-30 01:29:16,379 INFO [localhost-startStop-1] o.s.w.s.m.m.a.RequestMappingHandlerAdapter [RequestMappingHandlerAdapter.java:517] Looking for @ControllerAdvice: WebApplicationContext for namespace 'dispatcherServlet-servlet': startup date [Wed Nov 30 01:29:15 CET 2016]; parent: Root WebApplicationContext
2016-11-30 01:29:16,417 INFO [localhost-startStop-1] o.s.w.s.m.m.a.RequestMappingHandlerAdapter [RequestMappingHandlerAdapter.java:517] Looking for @ControllerAdvice: WebApplicationContext for namespace 'dispatcherServlet-servlet': startup date [Wed Nov 30 01:29:15 CET 2016]; parent: Root WebApplicationContext
2016-11-30 01:29:16,469 INFO [localhost-startStop-1] o.s.w.s.h.SimpleUrlHandlerMapping [AbstractUrlHandlerMapping.java:314] Mapped URL path [/**] onto handler 'org.springframework.web.servlet.resource.ResourceHttpRequestHandler#0'
2016-11-30 01:29:16,475 INFO [localhost-startStop-1] o.s.w.s.h.SimpleUrlHandlerMapping [AbstractUrlHandlerMapping.java:301] Root mapping to handler of type [class org.springframework.web.servlet.mvc.ParameterizableViewController]
2016-11-30 01:29:16,480 INFO [localhost-startStop-1] o.s.w.s.h.SimpleUrlHandlerMapping [AbstractUrlHandlerMapping.java:314] Mapped URL path [/**] onto handler 'org.springframework.web.servlet.resource.DefaultServletHttpRequestHandler#0'
2016-11-30 01:29:16,495 INFO [localhost-startStop-1] o.s.w.s.DispatcherServlet [FrameworkServlet.java:504] FrameworkServlet 'dispatcherServlet': initialization completed in 680 ms
2016-11-30 01:31:57,148 INFO [localhost-startStop-1] o.s.w.c.ContextLoader [ContextLoader.java:285] Root WebApplicationContext: initialization started
2016-11-30 01:31:57,214 INFO [localhost-startStop-1] o.s.w.c.s.XmlWebApplicationContext [AbstractApplicationContext.java:510] Refreshing Root WebApplicationContext: startup date [Wed Nov 30 01:31:57 CET 2016]; root of context hierarchy
2016-11-30 01:31:57,241 INFO [localhost-startStop-1] o.s.b.f.x.XmlBeanDefinitionReader [XmlBeanDefinitionReader.java:317] Loading XML bean definitions from class path resource [spring/business-config.xml]
2016-11-30 01:31:57,406 INFO [localhost-startStop-1] o.s.w.c.ContextLoader [ContextLoader.java:325] Root WebApplicationContext: initialization completed in 255 ms
2016-11-30 01:31:57,409 DEBUG [localhost-startStop-1] m.u.f.w.w.CORSFilter [GenericFilterBean.java:177] Initializing filter 'cors'
2016-11-30 01:31:57,409 DEBUG [localhost-startStop-1] m.u.f.w.w.CORSFilter [GenericFilterBean.java:202] Filter 'cors' configured successfully
2016-11-30 01:31:57,430 INFO [localhost-startStop-1] o.s.w.s.DispatcherServlet [FrameworkServlet.java:485] FrameworkServlet 'dispatcherServlet': initialization started
2016-11-30 01:31:57,432 INFO [localhost-startStop-1] o.s.w.c.s.XmlWebApplicationContext [AbstractApplicationContext.java:510] Refreshing WebApplicationContext for namespace 'dispatcherServlet-servlet': startup date [Wed Nov 30 01:31:57 CET 2016]; parent: Root WebApplicationContext
2016-11-30 01:31:57,433 INFO [localhost-startStop-1] o.s.b.f.x.XmlBeanDefinitionReader [XmlBeanDefinitionReader.java:317] Loading XML bean definitions from class path resource [spring/mvc-core-config.xml]
2016-11-30 01:31:57,462 INFO [localhost-startStop-1] o.s.b.f.x.XmlBeanDefinitionReader [XmlBeanDefinitionReader.java:317] Loading XML bean definitions from class path resource [spring/mvc-view-config.xml]
2016-11-30 01:31:57,671 INFO [localhost-startStop-1] o.s.w.s.m.m.a.RequestMappingHandlerMapping [AbstractHandlerMethodMapping.java:217] Mapped "{[/api/groups],methods=[POST],produces=[application/json]}" onto public void mk.ukim.finki.wp.web.GroupController.save(mk.ukim.finki.wp.model.Group)
2016-11-30 01:31:57,671 INFO [localhost-startStop-1] o.s.w.s.m.m.a.RequestMappingHandlerMapping [AbstractHandlerMethodMapping.java:217] Mapped "{[/api/groups/{id}],methods=[DELETE],produces=[application/json]}" onto public void mk.ukim.finki.wp.web.GroupController.delete(java.lang.Integer)
2016-11-30 01:31:57,672 INFO [localhost-startStop-1] o.s.w.s.m.m.a.RequestMappingHandlerMapping [AbstractHandlerMethodMapping.java:217] Mapped "{[/api/groups/{id}],methods=[PUT],produces=[application/json]}" onto public void mk.ukim.finki.wp.web.GroupController.update(java.lang.Integer,mk.ukim.finki.wp.model.Group)
2016-11-30 01:31:57,672 INFO [localhost-startStop-1] o.s.w.s.m.m.a.RequestMappingHandlerMapping [AbstractHandlerMethodMapping.java:217] Mapped "{[/api/groups],methods=[GET],produces=[application/json]}" onto public java.util.List<mk.ukim.finki.wp.model.Group> mk.ukim.finki.wp.web.GroupController.findAll()
2016-11-30 01:31:57,672 INFO [localhost-startStop-1] o.s.w.s.m.m.a.RequestMappingHandlerMapping [AbstractHandlerMethodMapping.java:217] Mapped "{[/api/groups/{id}],methods=[GET],produces=[application/json]}" onto public mk.ukim.finki.wp.model.Group mk.ukim.finki.wp.web.GroupController.findById(java.lang.Integer)
2016-11-30 01:31:57,673 INFO [localhost-startStop-1] o.s.w.s.m.m.a.RequestMappingHandlerMapping [AbstractHandlerMethodMapping.java:217] Mapped "{[/],methods=[GET]}" onto public org.springframework.web.servlet.ModelAndView mk.ukim.finki.wp.web.PizzaOrderController.index()
2016-11-30 01:31:57,673 INFO [localhost-startStop-1] o.s.w.s.m.m.a.RequestMappingHandlerMapping [AbstractHandlerMethodMapping.java:217] Mapped "{[/order]}" onto public org.springframework.web.servlet.ModelAndView mk.ukim.finki.wp.web.PizzaOrderController.placeOrder(java.lang.String,java.lang.String,javax.servlet.http.HttpSession,javax.servlet.http.HttpServletResponse)
2016-11-30 01:31:57,673 INFO [localhost-startStop-1] o.s.w.s.m.m.a.RequestMappingHandlerMapping [AbstractHandlerMethodMapping.java:217] Mapped "{[/by_user/{id}]}" onto public org.springframework.web.servlet.ModelAndView mk.ukim.finki.wp.web.PizzaOrderController.showClientInfo(int,java.lang.String,javax.servlet.http.HttpSession,javax.servlet.http.HttpServletRequest,javax.servlet.http.HttpServletResponse) throws javax.servlet.ServletException,java.io.IOException
2016-11-30 01:31:57,702 INFO [localhost-startStop-1] o.h.v.i.u.Version [Version.java:27] HV000001: Hibernate Validator 5.1.3.Final
2016-11-30 01:31:57,983 INFO [localhost-startStop-1] o.s.w.s.m.m.a.RequestMappingHandlerAdapter [RequestMappingHandlerAdapter.java:517] Looking for @ControllerAdvice: WebApplicationContext for namespace 'dispatcherServlet-servlet': startup date [Wed Nov 30 01:31:57 CET 2016]; parent: Root WebApplicationContext
2016-11-30 01:31:58,022 INFO [localhost-startStop-1] o.s.w.s.m.m.a.RequestMappingHandlerAdapter [RequestMappingHandlerAdapter.java:517] Looking for @ControllerAdvice: WebApplicationContext for namespace 'dispatcherServlet-servlet': startup date [Wed Nov 30 01:31:57 CET 2016]; parent: Root WebApplicationContext
2016-11-30 01:31:58,076 INFO [localhost-startStop-1] o.s.w.s.h.SimpleUrlHandlerMapping [AbstractUrlHandlerMapping.java:314] Mapped URL path [/**] onto handler 'org.springframework.web.servlet.resource.ResourceHttpRequestHandler#0'
2016-11-30 01:31:58,082 INFO [localhost-startStop-1] o.s.w.s.h.SimpleUrlHandlerMapping [AbstractUrlHandlerMapping.java:301] Root mapping to handler of type [class org.springframework.web.servlet.mvc.ParameterizableViewController]
2016-11-30 01:31:58,086 INFO [localhost-startStop-1] o.s.w.s.h.SimpleUrlHandlerMapping [AbstractUrlHandlerMapping.java:314] Mapped URL path [/**] onto handler 'org.springframework.web.servlet.resource.DefaultServletHttpRequestHandler#0'
2016-11-30 01:31:58,101 INFO [localhost-startStop-1] o.s.w.s.DispatcherServlet [FrameworkServlet.java:504] FrameworkServlet 'dispatcherServlet': initialization completed in 671 ms
2016-11-30 01:33:35,995 INFO [localhost-startStop-1] o.s.w.c.ContextLoader [ContextLoader.java:285] Root WebApplicationContext: initialization started
2016-11-30 01:33:36,051 INFO [localhost-startStop-1] o.s.w.c.s.XmlWebApplicationContext [AbstractApplicationContext.java:510] Refreshing Root WebApplicationContext: startup date [Wed Nov 30 01:33:36 CET 2016]; root of context hierarchy
2016-11-30 01:33:36,077 INFO [localhost-startStop-1] o.s.b.f.x.XmlBeanDefinitionReader [XmlBeanDefinitionReader.java:317] Loading XML bean definitions from class path resource [spring/business-config.xml]
2016-11-30 01:33:36,238 INFO [localhost-startStop-1] o.s.w.c.ContextLoader [ContextLoader.java:325] Root WebApplicationContext: initialization completed in 240 ms
2016-11-30 01:33:36,240 DEBUG [localhost-startStop-1] m.u.f.w.w.CORSFilter [GenericFilterBean.java:177] Initializing filter 'cors'
2016-11-30 01:33:36,241 DEBUG [localhost-startStop-1] m.u.f.w.w.CORSFilter [GenericFilterBean.java:202] Filter 'cors' configured successfully
2016-11-30 01:33:36,257 INFO [localhost-startStop-1] o.s.w.s.DispatcherServlet [FrameworkServlet.java:485] FrameworkServlet 'dispatcherServlet': initialization started
2016-11-30 01:33:36,259 INFO [localhost-startStop-1] o.s.w.c.s.XmlWebApplicationContext [AbstractApplicationContext.java:510] Refreshing WebApplicationContext for namespace 'dispatcherServlet-servlet': startup date [Wed Nov 30 01:33:36 CET 2016]; parent: Root WebApplicationContext
2016-11-30 01:33:36,260 INFO [localhost-startStop-1] o.s.b.f.x.XmlBeanDefinitionReader [XmlBeanDefinitionReader.java:317] Loading XML bean definitions from class path resource [spring/mvc-core-config.xml]
2016-11-30 01:33:36,287 INFO [localhost-startStop-1] o.s.b.f.x.XmlBeanDefinitionReader [XmlBeanDefinitionReader.java:317] Loading XML bean definitions from class path resource [spring/mvc-view-config.xml]
2016-11-30 01:33:36,495 INFO [localhost-startStop-1] o.s.w.s.m.m.a.RequestMappingHandlerMapping [AbstractHandlerMethodMapping.java:217] Mapped "{[/api/groups],methods=[POST],produces=[application/json]}" onto public void mk.ukim.finki.wp.web.GroupController.save(mk.ukim.finki.wp.model.Group)
2016-11-30 01:33:36,496 INFO [localhost-startStop-1] o.s.w.s.m.m.a.RequestMappingHandlerMapping [AbstractHandlerMethodMapping.java:217] Mapped "{[/api/groups/{id}],methods=[DELETE],produces=[application/json]}" onto public void mk.ukim.finki.wp.web.GroupController.delete(java.lang.Integer)
2016-11-30 01:33:36,496 INFO [localhost-startStop-1] o.s.w.s.m.m.a.RequestMappingHandlerMapping [AbstractHandlerMethodMapping.java:217] Mapped "{[/api/groups/{id}],methods=[PUT],produces=[application/json]}" onto public void mk.ukim.finki.wp.web.GroupController.update(java.lang.Integer,mk.ukim.finki.wp.model.Group)
2016-11-30 01:33:36,496 INFO [localhost-startStop-1] o.s.w.s.m.m.a.RequestMappingHandlerMapping [AbstractHandlerMethodMapping.java:217] Mapped "{[/api/groups],methods=[GET],produces=[application/json]}" onto public java.util.List<mk.ukim.finki.wp.model.Group> mk.ukim.finki.wp.web.GroupController.findAll()
2016-11-30 01:33:36,496 INFO [localhost-startStop-1] o.s.w.s.m.m.a.RequestMappingHandlerMapping [AbstractHandlerMethodMapping.java:217] Mapped "{[/api/groups/{id}],methods=[GET],produces=[application/json]}" onto public mk.ukim.finki.wp.model.Group mk.ukim.finki.wp.web.GroupController.findById(java.lang.Integer)
2016-11-30 01:33:36,497 INFO [localhost-startStop-1] o.s.w.s.m.m.a.RequestMappingHandlerMapping [AbstractHandlerMethodMapping.java:217] Mapped "{[/],methods=[GET]}" onto public org.springframework.web.servlet.ModelAndView mk.ukim.finki.wp.web.PizzaOrderController.index()
2016-11-30 01:33:36,497 INFO [localhost-startStop-1] o.s.w.s.m.m.a.RequestMappingHandlerMapping [AbstractHandlerMethodMapping.java:217] Mapped "{[/order]}" onto public org.springframework.web.servlet.ModelAndView mk.ukim.finki.wp.web.PizzaOrderController.placeOrder(java.lang.String,java.lang.String,javax.servlet.http.HttpSession,javax.servlet.http.HttpServletResponse)
2016-11-30 01:33:36,497 INFO [localhost-startStop-1] o.s.w.s.m.m.a.RequestMappingHandlerMapping [AbstractHandlerMethodMapping.java:217] Mapped "{[/by_user/{id}]}" onto public org.springframework.web.servlet.ModelAndView mk.ukim.finki.wp.web.PizzaOrderController.showClientInfo(int,java.lang.String,javax.servlet.http.HttpSession,javax.servlet.http.HttpServletRequest,javax.servlet.http.HttpServletResponse) throws javax.servlet.ServletException,java.io.IOException
2016-11-30 01:33:36,527 INFO [localhost-startStop-1] o.h.v.i.u.Version [Version.java:27] HV000001: Hibernate Validator 5.1.3.Final
2016-11-30 01:33:36,816 INFO [localhost-startStop-1] o.s.w.s.m.m.a.RequestMappingHandlerAdapter [RequestMappingHandlerAdapter.java:517] Looking for @ControllerAdvice: WebApplicationContext for namespace 'dispatcherServlet-servlet': startup date [Wed Nov 30 01:33:36 CET 2016]; parent: Root WebApplicationContext
2016-11-30 01:33:36,854 INFO [localhost-startStop-1] o.s.w.s.m.m.a.RequestMappingHandlerAdapter [RequestMappingHandlerAdapter.java:517] Looking for @ControllerAdvice: WebApplicationContext for namespace 'dispatcherServlet-servlet': startup date [Wed Nov 30 01:33:36 CET 2016]; parent: Root WebApplicationContext
2016-11-30 01:33:36,907 INFO [localhost-startStop-1] o.s.w.s.h.SimpleUrlHandlerMapping [AbstractUrlHandlerMapping.java:314] Mapped URL path [/**] onto handler 'org.springframework.web.servlet.resource.ResourceHttpRequestHandler#0'
2016-11-30 01:33:36,913 INFO [localhost-startStop-1] o.s.w.s.h.SimpleUrlHandlerMapping [AbstractUrlHandlerMapping.java:301] Root mapping to handler of type [class org.springframework.web.servlet.mvc.ParameterizableViewController]
2016-11-30 01:33:36,917 INFO [localhost-startStop-1] o.s.w.s.h.SimpleUrlHandlerMapping [AbstractUrlHandlerMapping.java:314] Mapped URL path [/**] onto handler 'org.springframework.web.servlet.resource.DefaultServletHttpRequestHandler#0'
2016-11-30 01:33:36,932 INFO [localhost-startStop-1] o.s.w.s.DispatcherServlet [FrameworkServlet.java:504] FrameworkServlet 'dispatcherServlet': initialization completed in 675 ms
